<?xml version="1.0" encoding="UTF-8"?>
<testsuite xmlns:xsi="http://www.w3.org/2001/XMLSchema-instance" xsi:noNamespaceSchemaLocation="https://maven.apache.org/surefire/maven-surefire-plugin/xsd/surefire-test-report.xsd" name="TestSuite" time="249.776" tests="9" errors="0" skipped="0" failures="0">
  <properties>
    <property name="gopherProxySet" value="false"/>
    <property name="awt.toolkit" value="sun.lwawt.macosx.LWCToolkit"/>
    <property name="surefire.suiteXmlFiles" value="src/test/resources/testngSet.xml"/>
    <property name="java.specification.version" value="11"/>
    <property name="sun.cpu.isalist" value=""/>
    <property name="sun.jnu.encoding" value="UTF-8"/>
    <property name="java.class.path" value="/Users/nataliaghibner/Documents/GitHub/QA_Demoqa_POM/target/test-classes:/Users/nataliaghibner/Documents/GitHub/QA_Demoqa_POM/target/classes:/Users/nataliaghibner/.m2/repository/org/seleniumhq/selenium/selenium-java/3.141.59/selenium-java-3.141.59.jar:/Users/nataliaghibner/.m2/repository/org/seleniumhq/selenium/selenium-api/3.141.59/selenium-api-3.141.59.jar:/Users/nataliaghibner/.m2/repository/org/seleniumhq/selenium/selenium-chrome-driver/3.141.59/selenium-chrome-driver-3.141.59.jar:/Users/nataliaghibner/.m2/repository/org/seleniumhq/selenium/selenium-edge-driver/3.141.59/selenium-edge-driver-3.141.59.jar:/Users/nataliaghibner/.m2/repository/org/seleniumhq/selenium/selenium-firefox-driver/3.141.59/selenium-firefox-driver-3.141.59.jar:/Users/nataliaghibner/.m2/repository/org/seleniumhq/selenium/selenium-ie-driver/3.141.59/selenium-ie-driver-3.141.59.jar:/Users/nataliaghibner/.m2/repository/org/seleniumhq/selenium/selenium-opera-driver/3.141.59/selenium-opera-driver-3.141.59.jar:/Users/nataliaghibner/.m2/repository/org/seleniumhq/selenium/selenium-remote-driver/3.141.59/selenium-remote-driver-3.141.59.jar:/Users/nataliaghibner/.m2/repository/org/seleniumhq/selenium/selenium-safari-driver/3.141.59/selenium-safari-driver-3.141.59.jar:/Users/nataliaghibner/.m2/repository/org/seleniumhq/selenium/selenium-support/3.141.59/selenium-support-3.141.59.jar:/Users/nataliaghibner/.m2/repository/net/bytebuddy/byte-buddy/1.8.15/byte-buddy-1.8.15.jar:/Users/nataliaghibner/.m2/repository/org/apache/commons/commons-exec/1.3/commons-exec-1.3.jar:/Users/nataliaghibner/.m2/repository/com/google/guava/guava/25.0-jre/guava-25.0-jre.jar:/Users/nataliaghibner/.m2/repository/com/google/code/findbugs/jsr305/1.3.9/jsr305-1.3.9.jar:/Users/nataliaghibner/.m2/repository/org/checkerframework/checker-compat-qual/2.0.0/checker-compat-qual-2.0.0.jar:/Users/nataliaghibner/.m2/repository/com/google/errorprone/error_prone_annotations/2.1.3/error_prone_annotations-2.1.3.jar:/Users/nataliaghibner/.m2/repository/com/google/j2objc/j2objc-annotations/1.1/j2objc-annotations-1.1.jar:/Users/nataliaghibner/.m2/repository/org/codehaus/mojo/animal-sniffer-annotations/1.14/animal-sniffer-annotations-1.14.jar:/Users/nataliaghibner/.m2/repository/com/squareup/okhttp3/okhttp/3.11.0/okhttp-3.11.0.jar:/Users/nataliaghibner/.m2/repository/com/squareup/okio/okio/1.14.0/okio-1.14.0.jar:/Users/nataliaghibner/.m2/repository/org/testng/testng/7.1.0/testng-7.1.0.jar:/Users/nataliaghibner/.m2/repository/com/beust/jcommander/1.72/jcommander-1.72.jar:/Users/nataliaghibner/.m2/repository/com/google/inject/guice/4.1.0/guice-4.1.0-no_aop.jar:/Users/nataliaghibner/.m2/repository/javax/inject/javax.inject/1/javax.inject-1.jar:/Users/nataliaghibner/.m2/repository/aopalliance/aopalliance/1.0/aopalliance-1.0.jar:/Users/nataliaghibner/.m2/repository/org/yaml/snakeyaml/1.21/snakeyaml-1.21.jar:/Users/nataliaghibner/.m2/repository/ch/qos/logback/logback-classic/1.2.11/logback-classic-1.2.11.jar:/Users/nataliaghibner/.m2/repository/ch/qos/logback/logback-core/1.2.11/logback-core-1.2.11.jar:/Users/nataliaghibner/.m2/repository/org/slf4j/slf4j-api/1.7.32/slf4j-api-1.7.32.jar:/Users/nataliaghibner/.m2/repository/org/apache/maven/surefire/surefire-testng-utils/2.21.0/surefire-testng-utils-2.21.0.jar:/Users/nataliaghibner/.m2/repository/org/apache/maven/surefire/surefire-grouper/2.21.0/surefire-grouper-2.21.0.jar:"/>
    <property name="java.vm.vendor" value="Eclipse Adoptium"/>
    <property name="sun.arch.data.model" value="64"/>
    <property name="application.properties" value="/application.properties"/>
    <property name="java.vendor.url" value="https://adoptium.net/"/>
    <property name="user.timezone" value=""/>
    <property name="java.vm.specification.version" value="11"/>
    <property name="os.name" value="Mac OS X"/>
    <property name="sun.java.launcher" value="SUN_STANDARD"/>
    <property name="user.country" value="DE"/>
    <property name="sun.boot.library.path" value="/Library/Java/JavaVirtualMachines/temurin-11.jdk/Contents/Home/lib"/>
    <property name="sun.java.command" value="/Users/nataliaghibner/Documents/GitHub/QA_Demoqa_POM/target/surefire/surefirebooter4645036827898458613.jar /Users/nataliaghibner/Documents/GitHub/QA_Demoqa_POM/target/surefire 2022-11-02T21-05-54_845-jvmRun1 surefire9368633964613387087tmp surefire_016189027186336795607tmp"/>
    <property name="http.nonProxyHosts" value="local|*.local|169.254/16|*.169.254/16"/>
    <property name="jdk.debug" value="release"/>
    <property name="surefire.test.class.path" value="/Users/nataliaghibner/Documents/GitHub/QA_Demoqa_POM/target/test-classes:/Users/nataliaghibner/Documents/GitHub/QA_Demoqa_POM/target/classes:/Users/nataliaghibner/.m2/repository/org/seleniumhq/selenium/selenium-java/3.141.59/selenium-java-3.141.59.jar:/Users/nataliaghibner/.m2/repository/org/seleniumhq/selenium/selenium-api/3.141.59/selenium-api-3.141.59.jar:/Users/nataliaghibner/.m2/repository/org/seleniumhq/selenium/selenium-chrome-driver/3.141.59/selenium-chrome-driver-3.141.59.jar:/Users/nataliaghibner/.m2/repository/org/seleniumhq/selenium/selenium-edge-driver/3.141.59/selenium-edge-driver-3.141.59.jar:/Users/nataliaghibner/.m2/repository/org/seleniumhq/selenium/selenium-firefox-driver/3.141.59/selenium-firefox-driver-3.141.59.jar:/Users/nataliaghibner/.m2/repository/org/seleniumhq/selenium/selenium-ie-driver/3.141.59/selenium-ie-driver-3.141.59.jar:/Users/nataliaghibner/.m2/repository/org/seleniumhq/selenium/selenium-opera-driver/3.141.59/selenium-opera-driver-3.141.59.jar:/Users/nataliaghibner/.m2/repository/org/seleniumhq/selenium/selenium-remote-driver/3.141.59/selenium-remote-driver-3.141.59.jar:/Users/nataliaghibner/.m2/repository/org/seleniumhq/selenium/selenium-safari-driver/3.141.59/selenium-safari-driver-3.141.59.jar:/Users/nataliaghibner/.m2/repository/org/seleniumhq/selenium/selenium-support/3.141.59/selenium-support-3.141.59.jar:/Users/nataliaghibner/.m2/repository/net/bytebuddy/byte-buddy/1.8.15/byte-buddy-1.8.15.jar:/Users/nataliaghibner/.m2/repository/org/apache/commons/commons-exec/1.3/commons-exec-1.3.jar:/Users/nataliaghibner/.m2/repository/com/google/guava/guava/25.0-jre/guava-25.0-jre.jar:/Users/nataliaghibner/.m2/repository/com/google/code/findbugs/jsr305/1.3.9/jsr305-1.3.9.jar:/Users/nataliaghibner/.m2/repository/org/checkerframework/checker-compat-qual/2.0.0/checker-compat-qual-2.0.0.jar:/Users/nataliaghibner/.m2/repository/com/google/errorprone/error_prone_annotations/2.1.3/error_prone_annotations-2.1.3.jar:/Users/nataliaghibner/.m2/repository/com/google/j2objc/j2objc-annotations/1.1/j2objc-annotations-1.1.jar:/Users/nataliaghibner/.m2/repository/org/codehaus/mojo/animal-sniffer-annotations/1.14/animal-sniffer-annotations-1.14.jar:/Users/nataliaghibner/.m2/repository/com/squareup/okhttp3/okhttp/3.11.0/okhttp-3.11.0.jar:/Users/nataliaghibner/.m2/repository/com/squareup/okio/okio/1.14.0/okio-1.14.0.jar:/Users/nataliaghibner/.m2/repository/org/testng/testng/7.1.0/testng-7.1.0.jar:/Users/nataliaghibner/.m2/repository/com/beust/jcommander/1.72/jcommander-1.72.jar:/Users/nataliaghibner/.m2/repository/com/google/inject/guice/4.1.0/guice-4.1.0-no_aop.jar:/Users/nataliaghibner/.m2/repository/javax/inject/javax.inject/1/javax.inject-1.jar:/Users/nataliaghibner/.m2/repository/aopalliance/aopalliance/1.0/aopalliance-1.0.jar:/Users/nataliaghibner/.m2/repository/org/yaml/snakeyaml/1.21/snakeyaml-1.21.jar:/Users/nataliaghibner/.m2/repository/ch/qos/logback/logback-classic/1.2.11/logback-classic-1.2.11.jar:/Users/nataliaghibner/.m2/repository/ch/qos/logback/logback-core/1.2.11/logback-core-1.2.11.jar:/Users/nataliaghibner/.m2/repository/org/slf4j/slf4j-api/1.7.32/slf4j-api-1.7.32.jar:/Users/nataliaghibner/.m2/repository/org/apache/maven/surefire/surefire-testng-utils/2.21.0/surefire-testng-utils-2.21.0.jar:/Users/nataliaghibner/.m2/repository/org/apache/maven/surefire/surefire-grouper/2.21.0/surefire-grouper-2.21.0.jar:"/>
    <property name="sun.cpu.endian" value="little"/>
    <property name="user.home" value="/Users/nataliaghibner"/>
    <property name="user.language" value="ru"/>
    <property name="java.specification.vendor" value="Oracle Corporation"/>
    <property name="java.version.date" value="2022-01-18"/>
    <property name="java.home" value="/Library/Java/JavaVirtualMachines/temurin-11.jdk/Contents/Home"/>
    <property name="file.separator" value="/"/>
    <property name="basedir" value="/Users/nataliaghibner/Documents/GitHub/QA_Demoqa_POM"/>
    <property name="java.vm.compressedOopsMode" value="Zero based"/>
    <property name="line.separator" value="&#10;"/>
    <property name="java.specification.name" value="Java Platform API Specification"/>
    <property name="java.vm.specification.vendor" value="Oracle Corporation"/>
    <property name="java.awt.graphicsenv" value="sun.awt.CGraphicsEnvironment"/>
    <property name="surefire.real.class.path" value="/Users/nataliaghibner/Documents/GitHub/QA_Demoqa_POM/target/surefire/surefirebooter4645036827898458613.jar"/>
    <property name="sun.management.compiler" value="HotSpot 64-Bit Tiered Compilers"/>
    <property name="ftp.nonProxyHosts" value="local|*.local|169.254/16|*.169.254/16"/>
    <property name="java.runtime.version" value="11.0.14+9"/>
    <property name="user.name" value="nataliaghibner"/>
    <property name="path.separator" value=":"/>
    <property name="os.version" value="12.2"/>
    <property name="java.runtime.name" value="OpenJDK Runtime Environment"/>
    <property name="file.encoding" value="UTF-8"/>
    <property name="java.vm.name" value="OpenJDK 64-Bit Server VM"/>
    <property name="java.vendor.version" value="Temurin-11.0.14+9"/>
    <property name="localRepository" value="/Users/nataliaghibner/.m2/repository"/>
    <property name="java.vendor.url.bug" value="https://github.com/adoptium/adoptium-support/issues"/>
    <property name="java.io.tmpdir" value="/var/folders/bh/svljl2d56v783450s7dvv5br0000gn/T/"/>
    <property name="java.version" value="11.0.14"/>
    <property name="user.dir" value="/Users/nataliaghibner/Documents/GitHub/QA_Demoqa_POM"/>
    <property name="os.arch" value="x86_64"/>
    <property name="java.vm.specification.name" value="Java Virtual Machine Specification"/>
    <property name="java.awt.printerjob" value="sun.lwawt.macosx.CPrinterJob"/>
    <property name="sun.os.patch.level" value="unknown"/>
    <property name="java.library.path" value="/Users/nataliaghibner/Library/Java/Extensions:/Library/Java/Extensions:/Network/Library/Java/Extensions:/System/Library/Java/Extensions:/usr/lib/java:."/>
    <property name="java.vm.info" value="mixed mode"/>
    <property name="java.vendor" value="Eclipse Adoptium"/>
    <property name="java.vm.version" value="11.0.14+9"/>
    <property name="sun.io.unicode.encoding" value="UnicodeBig"/>
    <property name="java.class.version" value="55.0"/>
    <property name="socksNonProxyHosts" value="local|*.local|169.254/16|*.169.254/16"/>
  </properties>
  <testcase name="clickMeTest" classname="com.telran.tests.elemens.ButtonsTest" time="0.245"/>
  <testcase name="doubleClickTest" classname="com.telran.tests.elemens.ButtonsTest" time="0.234"/>
  <testcase name="rightClick" classname="com.telran.tests.elemens.ButtonsTest" time="1.767"/>
  <testcase name="createNewStudentTest" classname="com.telran.tests.forms.PracticeFormTests" time="19.428"/>
  <testcase name="createNewStudentWithDataProviderTest" classname="com.telran.tests.forms.PracticeFormTests" time="18.521"/>
  <testcase name="createNewStudentWithDataProviderTest" classname="com.telran.tests.forms.PracticeFormTests" time="23.534"/>
  <testcase name="framesTest" classname="com.telran.tests.alertsWindows.FramesTests" time="3.45"/>
  <testcase name="switchToFrameByIdTest" classname="com.telran.tests.alertsWindows.FramesTests" time="0.871"/>
  <testcase name="switchToFrameByIndexTest" classname="com.telran.tests.alertsWindows.FramesTests" time="0.205"/>
</testsuite>