<?xml version="1.0" encoding="UTF-8"?>
<!-- Generated by org.testng.reporters.JUnitReportReporter -->
<testsuite hostname="Air-Natalia.fritz.box" failures="0" tests="3" name="com.telran.tests.forms.PracticeFormTests" time="119.693" errors="0" timestamp="2022-11-02T21:10:05 CET" skipped="0">
  <testcase classname="com.telran.tests.forms.PracticeFormTests" name="createNewStudentTest" time="38.823"/>
  <system-out/>
  <testcase classname="com.telran.tests.forms.PracticeFormTests" name="createNewStudentWithDataProviderTest" time="44.029"/>
  <system-out/>
  <testcase classname="com.telran.tests.forms.PracticeFormTests" name="createNewStudentWithDataProviderTest" time="36.841"/>
  <system-out/>
</testsuite> <!-- com.telran.tests.forms.PracticeFormTests -->
