<?xml version="1.0" encoding="UTF-8"?>
<!-- Generated by org.testng.reporters.JUnitReportReporter -->
<testsuite hostname="Air-Natalia.fritz.box" failures="0" tests="3" name="com.telran.tests.alertsWindows.FramesTests" time="75.201" errors="0" timestamp="2022-11-02T21:10:05 CET" skipped="0">
  <testcase classname="com.telran.tests.alertsWindows.FramesTests" name="switchToFrameByIdTest" time="37.469"/>
  <system-out/>
  <testcase classname="com.telran.tests.alertsWindows.FramesTests" name="framesTest" time="21.231"/>
  <system-out/>
  <testcase classname="com.telran.tests.alertsWindows.FramesTests" name="switchToFrameByIndexTest" time="16.501"/>
  <system-out/>
</testsuite> <!-- com.telran.tests.alertsWindows.FramesTests -->
