<?xml version="1.0" encoding="UTF-8"?>
<!-- Generated by org.testng.reporters.JUnitReportReporter -->
<testsuite hostname="Air-Natalia.fritz.box" failures="0" tests="3" name="com.telran.tests.elemens.ButtonsTest" time="53.420" errors="0" timestamp="2022-11-02T21:10:05 CET" skipped="0">
  <testcase classname="com.telran.tests.elemens.ButtonsTest" name="rightClick" time="16.889"/>
  <system-out/>
  <testcase classname="com.telran.tests.elemens.ButtonsTest" name="clickMeTest" time="18.903"/>
  <system-out/>
  <testcase classname="com.telran.tests.elemens.ButtonsTest" name="doubleClickTest" time="17.628"/>
  <system-out/>
</testsuite> <!-- com.telran.tests.elemens.ButtonsTest -->
